Build started 2016/1/11 16:35:00.
     1>Project "F:\git_real\MOEAD_cpp\MOEADtest\MOEA-D算数交叉均匀变异\MOEAD\MOEAD.vcxproj" on node 2 (build target(s)).
     1>InitializeBuildStatus:
         Creating "Debug\MOEAD.unsuccessfulbuild" because "AlwaysCreate" was specified.
       ClCompile:
         E:\Program Files (x86)\Microsoft Visual Studio 10.0\VC\bin\CL.exe /c /ZI /nologo /W3 /WX- /Od /Oy- /D WIN32 /D _DEBUG /D _CONSOLE /D _UNICODE /D UNICODE /Gm /EHsc /RTC1 /MDd /GS /fp:precise /Zc:wchar_t /Zc:forScope /Fo"Debug\\" /Fd"Debug\vc100.pdb" /Gd /TP /analyze- /errorReport:prompt ContinueValue.cpp Global.cpp Individual.cpp LayoutProblem.cpp MOEAD.cpp moead_ts_main.cpp RandomNumber.cpp SubProblem.cpp WeightVector.cpp
         WeightVector.cpp
         SubProblem.cpp
     1>f:\git_real\moead_cpp\moeadtest\moea-d算数交叉均匀变异\moead\layoutproblem.h : warning C4819: 该文件包含不能在当前代码页(936)中表示的字符。请将该文件保存为 Unicode 格式以防止数据丢失
         RandomNumber.cpp
         moead_ts_main.cpp
     1>f:\git_real\moead_cpp\moeadtest\moea-d算数交叉均匀变异\moead\layoutproblem.h : warning C4819: 该文件包含不能在当前代码页(936)中表示的字符。请将该文件保存为 Unicode 格式以防止数据丢失
     1>f:\git_real\moead_cpp\moeadtest\moea-d算数交叉均匀变异\moead\moead_ts_main.cpp(13): warning C4244: “参数”: 从“time_t”转换到“unsigned int”，可能丢失数据
     1>f:\git_real\moead_cpp\moeadtest\moea-d算数交叉均匀变异\moead\moead_ts_main.cpp(50): warning C4996: 'sprintf': This function or variable may be unsafe. Consider using sprintf_s instead. To disable deprecation, use _CRT_SECURE_NO_WARNINGS. See online help for details.
                 e:\program files (x86)\microsoft visual studio 10.0\vc\include\stdio.h(371) : 参见“sprintf”的声明
     1>f:\git_real\moead_cpp\moeadtest\moea-d算数交叉均匀变异\moead\moead_ts_main.cpp(61): warning C4996: 'sprintf': This function or variable may be unsafe. Consider using sprintf_s instead. To disable deprecation, use _CRT_SECURE_NO_WARNINGS. See online help for details.
                 e:\program files (x86)\microsoft visual studio 10.0\vc\include\stdio.h(371) : 参见“sprintf”的声明
     1>f:\git_real\moead_cpp\moeadtest\moea-d算数交叉均匀变异\moead\moead_ts_main.cpp(16): warning C4101: “saveTime”: 未引用的局部变量
         MOEAD.cpp
     1>f:\git_real\moead_cpp\moeadtest\moea-d算数交叉均匀变异\moead\moead.cpp : warning C4819: 该文件包含不能在当前代码页(936)中表示的字符。请将该文件保存为 Unicode 格式以防止数据丢失
     1>f:\git_real\moead_cpp\moeadtest\moea-d算数交叉均匀变异\moead\layoutproblem.h : warning C4819: 该文件包含不能在当前代码页(936)中表示的字符。请将该文件保存为 Unicode 格式以防止数据丢失
     1>f:\git_real\moead_cpp\moeadtest\moea-d算数交叉均匀变异\moead\moead.cpp(19): warning C4305: “参数”: 从“double”到“const float”截断
     1>f:\git_real\moead_cpp\moeadtest\moea-d算数交叉均匀变异\moead\moead.cpp(40): warning C4996: 'sprintf': This function or variable may be unsafe. Consider using sprintf_s instead. To disable deprecation, use _CRT_SECURE_NO_WARNINGS. See online help for details.
                 e:\program files (x86)\microsoft visual studio 10.0\vc\include\stdio.h(371) : 参见“sprintf”的声明
     1>f:\git_real\moead_cpp\moeadtest\moea-d算数交叉均匀变异\moead\moead.cpp(65): warning C4018: “<”: 有符号/无符号不匹配
     1>f:\git_real\moead_cpp\moeadtest\moea-d算数交叉均匀变异\moead\moead.cpp(74): warning C4244: “=”: 从“double”转换到“float”，可能丢失数据
     1>f:\git_real\moead_cpp\moeadtest\moea-d算数交叉均匀变异\moead\moead.cpp(106): warning C4244: “=”: 从“double”转换到“float”，可能丢失数据
     1>f:\git_real\moead_cpp\moeadtest\moea-d算数交叉均匀变异\moead\moead.cpp(209): warning C4018: “<”: 有符号/无符号不匹配
     1>f:\git_real\moead_cpp\moeadtest\moea-d算数交叉均匀变异\moead\moead.cpp(222): warning C4018: “<”: 有符号/无符号不匹配
     1>f:\git_real\moead_cpp\moeadtest\moea-d算数交叉均匀变异\moead\moead.cpp(231): warning C4018: “<”: 有符号/无符号不匹配
     1>f:\git_real\moead_cpp\moeadtest\moea-d算数交叉均匀变异\moead\moead.cpp(256): warning C4996: 'sprintf': This function or variable may be unsafe. Consider using sprintf_s instead. To disable deprecation, use _CRT_SECURE_NO_WARNINGS. See online help for details.
                 e:\program files (x86)\microsoft visual studio 10.0\vc\include\stdio.h(371) : 参见“sprintf”的声明
     1>f:\git_real\moead_cpp\moeadtest\moea-d算数交叉均匀变异\moead\moead.cpp(262): warning C4018: “<”: 有符号/无符号不匹配
     1>f:\git_real\moead_cpp\moeadtest\moea-d算数交叉均匀变异\moead\moead.cpp(265): warning C4018: “<”: 有符号/无符号不匹配
     1>f:\git_real\moead_cpp\moeadtest\moea-d算数交叉均匀变异\moead\moead.cpp(277): warning C4018: “<”: 有符号/无符号不匹配
     1>f:\git_real\moead_cpp\moeadtest\moea-d算数交叉均匀变异\moead\moead.cpp(474): warning C4244: “初始化”: 从“double”转换到“int”，可能丢失数据
     1>f:\git_real\moead_cpp\moeadtest\moea-d算数交叉均匀变异\moead\moead.cpp(475): warning C4244: “初始化”: 从“double”转换到“int”，可能丢失数据
     1>f:\git_real\moead_cpp\moeadtest\moea-d算数交叉均匀变异\moead\moead.cpp(521): warning C4244: “初始化”: 从“double”转换到“int”，可能丢失数据
     1>f:\git_real\moead_cpp\moeadtest\moea-d算数交叉均匀变异\moead\moead.cpp(522): warning C4244: “初始化”: 从“double”转换到“int”，可能丢失数据
     1>f:\git_real\moead_cpp\moeadtest\moea-d算数交叉均匀变异\moead\moead.cpp(586): warning C4018: “<”: 有符号/无符号不匹配
     1>f:\git_real\moead_cpp\moeadtest\moea-d算数交叉均匀变异\moead\moead.cpp(593): warning C4018: “<”: 有符号/无符号不匹配
         LayoutProblem.cpp
     1>f:\git_real\moead_cpp\moeadtest\moea-d算数交叉均匀变异\moead\layoutproblem.h : warning C4819: 该文件包含不能在当前代码页(936)中表示的字符。请将该文件保存为 Unicode 格式以防止数据丢失
         Individual.cpp
     1>f:\git_real\moead_cpp\moeadtest\moea-d算数交叉均匀变异\moead\layoutproblem.h : warning C4819: 该文件包含不能在当前代码页(936)中表示的字符。请将该文件保存为 Unicode 格式以防止数据丢失
     1>f:\git_real\moead_cpp\moeadtest\moea-d算数交叉均匀变异\moead\individual.cpp(48): warning C4244: “初始化”: 从“double”转换到“int”，可能丢失数据
         Global.cpp
         ContinueValue.cpp
     1>f:\git_real\moead_cpp\moeadtest\moea-d算数交叉均匀变异\moead\continuevalue.cpp(31): fatal error C1083: 无法打开包括文件:“ilcplex/ilocplex.h”: No such file or directory
         正在生成代码...
     1>Done Building Project "F:\git_real\MOEAD_cpp\MOEADtest\MOEA-D算数交叉均匀变异\MOEAD\MOEAD.vcxproj" (build target(s)) -- FAILED.

生成失败。

Time Elapsed 00:00:07.06
