Build started 2015/12/1 10:16:01.
     1>Project "F:\git_real\MOEAD_cpp\MOEAD-TS\MOEAD-TS.vcxproj" on node 2 (build target(s)).
     1>InitializeBuildStatus:
         Creating "Debug\MOEAD-TS.unsuccessfulbuild" because "AlwaysCreate" was specified.
       ClCompile:
         E:\Program Files (x86)\Microsoft Visual Studio 10.0\VC\bin\CL.exe /c /ZI /nologo /W3 /WX- /Od /Oy- /D WIN32 /D _DEBUG /D _CONSOLE /D _UNICODE /D UNICODE /Gm /EHsc /RTC1 /MDd /GS /fp:precise /Zc:wchar_t /Zc:forScope /Fo"Debug\\" /Fd"Debug\vc100.pdb" /Gd /TP /analyze- /errorReport:prompt ContinueValue.cpp Individual.cpp
         Individual.cpp
     1>f:\git_real\moead_cpp\moead-ts\layoutproblem.h : warning C4819: 该文件包含不能在当前代码页(936)中表示的字符。请将该文件保存为 Unicode 格式以防止数据丢失
     1>f:\git_real\moead_cpp\moead-ts\individual.cpp(45): warning C4244: “初始化”: 从“double”转换到“int”，可能丢失数据
         ContinueValue.cpp
         正在生成代码...
       ManifestResourceCompile:
         All outputs are up-to-date.
       Link:
         E:\Program Files (x86)\Microsoft Visual Studio 10.0\VC\bin\link.exe /ERRORREPORT:PROMPT /OUT:"F:\git_real\MOEAD_cpp\MOEAD-TS\Debug\MOEAD-TS.exe" /INCREMENTAL /NOLOGO kernel32.lib user32.lib gdi32.lib winspool.lib comdlg32.lib advapi32.lib shell32.lib ole32.lib oleaut32.lib uuid.lib odbc32.lib odbccp32.lib /MANIFEST /ManifestFile:"Debug\MOEAD-TS.exe.intermediate.manifest" /MANIFESTUAC:"level='asInvoker' uiAccess='false'" /DEBUG /PDB:"F:\git_real\MOEAD_cpp\MOEAD-TS\Debug\MOEAD-TS.pdb" /SUBSYSTEM:CONSOLE /TLBID:1 /DYNAMICBASE /NXCOMPAT /IMPLIB:"F:\git_real\MOEAD_cpp\MOEAD-TS\Debug\MOEAD-TS.lib" /MACHINE:X86 "Debug\MOEAD-TS.exe.embed.manifest.res"
         Debug\ContinueValue.obj
         Debug\Global.obj
         Debug\Individual.obj
         Debug\LayoutProblem.obj
         "Debug\MOEAD-TS.obj"
         Debug\moead_ts_main.obj
         Debug\RandomNumber.obj
         Debug\SubProblem.obj
         Debug\WeightVector.obj
       Manifest:
         C:\Program Files (x86)\Microsoft SDKs\Windows\v7.0A\bin\mt.exe /nologo /verbose /out:"Debug\MOEAD-TS.exe.embed.manifest" /manifest "Debug\MOEAD-TS.exe.intermediate.manifest"
         All outputs are up-to-date.
       LinkEmbedManifest:
         All outputs are up-to-date.
         MOEAD-TS.vcxproj -> F:\git_real\MOEAD_cpp\MOEAD-TS\Debug\MOEAD-TS.exe
       FinalizeBuildStatus:
         Deleting file "Debug\MOEAD-TS.unsuccessfulbuild".
         Touching "Debug\MOEAD-TS.lastbuildstate".
     1>Done Building Project "F:\git_real\MOEAD_cpp\MOEAD-TS\MOEAD-TS.vcxproj" (build target(s)).

生成成功。

Time Elapsed 00:00:03.83
