F:\GIT\MOEAD-TS\DEBUG\MOEAD-TS.EXE
F:\GIT\MOEAD-TS\DEBUG\MOEAD-TS.ILK
F:\GIT\MOEAD-TS\DEBUG\MOEAD-TS.PDB
F:\GIT\MOEAD-TS\MOEAD-TS\DEBUG\GLOBAL.OBJ
F:\GIT\MOEAD-TS\MOEAD-TS\DEBUG\INDIVIDUAL.OBJ
F:\GIT\MOEAD-TS\MOEAD-TS\DEBUG\LAYOUTPROBLEM.OBJ
F:\GIT\MOEAD-TS\MOEAD-TS\DEBUG\MOEAD_TS_MAIN.OBJ
F:\GIT\MOEAD-TS\MOEAD-TS\DEBUG\MOEAD-TS.EXE.EMBED.MANIFEST.RES
F:\GIT\MOEAD-TS\MOEAD-TS\DEBUG\MOEAD-TS.EXE.INTERMEDIATE.MANIFEST
F:\GIT\MOEAD-TS\MOEAD-TS\DEBUG\MOEAD-TS.OBJ
F:\GIT\MOEAD-TS\MOEAD-TS\DEBUG\RANDOMNUMBER.OBJ
F:\GIT\MOEAD-TS\MOEAD-TS\DEBUG\SUBPROBLEM.OBJ
F:\GIT\MOEAD-TS\MOEAD-TS\DEBUG\VC100.PDB
F:\GIT\MOEAD-TS\MOEAD-TS\DEBUG\WEIGHTVECTOR.OBJ
F:\git_real\MOEAD_cpp\MOEAD-TS\Debug\cl.command.1.tlog
F:\git_real\MOEAD_cpp\MOEAD-TS\Debug\CL.read.1.tlog
F:\git_real\MOEAD_cpp\MOEAD-TS\Debug\CL.write.1.tlog
F:\GIT_REAL\MOEAD_CPP\MOEAD-TS\DEBUG\GLOBAL.OBJ
F:\GIT_REAL\MOEAD_CPP\MOEAD-TS\DEBUG\INDIVIDUAL.OBJ
F:\git_real\MOEAD_cpp\MOEAD-TS\Debug\init.obj
F:\GIT_REAL\MOEAD_CPP\MOEAD-TS\DEBUG\LAYOUTPROBLEM.OBJ
F:\git_real\MOEAD_cpp\MOEAD-TS\Debug\link.10032.read.1.tlog
F:\git_real\MOEAD_cpp\MOEAD-TS\Debug\link.10032.write.1.tlog
F:\git_real\MOEAD_cpp\MOEAD-TS\Debug\link.10032-cvtres.read.1.tlog
F:\git_real\MOEAD_cpp\MOEAD-TS\Debug\link.10032-cvtres.write.1.tlog
F:\git_real\MOEAD_cpp\MOEAD-TS\Debug\link.10484.read.1.tlog
F:\git_real\MOEAD_cpp\MOEAD-TS\Debug\link.10484.write.1.tlog
F:\git_real\MOEAD_cpp\MOEAD-TS\Debug\link.10484-cvtres.read.1.tlog
F:\git_real\MOEAD_cpp\MOEAD-TS\Debug\link.10484-cvtres.write.1.tlog
F:\git_real\MOEAD_cpp\MOEAD-TS\Debug\link.10552.read.1.tlog
F:\git_real\MOEAD_cpp\MOEAD-TS\Debug\link.10552.write.1.tlog
F:\git_real\MOEAD_cpp\MOEAD-TS\Debug\link.10552-cvtres.read.1.tlog
F:\git_real\MOEAD_cpp\MOEAD-TS\Debug\link.10552-cvtres.write.1.tlog
F:\git_real\MOEAD_cpp\MOEAD-TS\Debug\link.11904.read.1.tlog
F:\git_real\MOEAD_cpp\MOEAD-TS\Debug\link.11904.write.1.tlog
F:\git_real\MOEAD_cpp\MOEAD-TS\Debug\link.11904-cvtres.read.1.tlog
F:\git_real\MOEAD_cpp\MOEAD-TS\Debug\link.11904-cvtres.write.1.tlog
F:\git_real\MOEAD_cpp\MOEAD-TS\Debug\link.1368.read.1.tlog
F:\git_real\MOEAD_cpp\MOEAD-TS\Debug\link.1368.write.1.tlog
F:\git_real\MOEAD_cpp\MOEAD-TS\Debug\link.1368-cvtres.read.1.tlog
F:\git_real\MOEAD_cpp\MOEAD-TS\Debug\link.1368-cvtres.write.1.tlog
F:\git_real\MOEAD_cpp\MOEAD-TS\Debug\link.1820.read.1.tlog
F:\git_real\MOEAD_cpp\MOEAD-TS\Debug\link.1820.write.1.tlog
F:\git_real\MOEAD_cpp\MOEAD-TS\Debug\link.1820-cvtres.read.1.tlog
F:\git_real\MOEAD_cpp\MOEAD-TS\Debug\link.1820-cvtres.write.1.tlog
F:\git_real\MOEAD_cpp\MOEAD-TS\Debug\link.2104.read.1.tlog
F:\git_real\MOEAD_cpp\MOEAD-TS\Debug\link.2104.write.1.tlog
F:\git_real\MOEAD_cpp\MOEAD-TS\Debug\link.2104-cvtres.read.1.tlog
F:\git_real\MOEAD_cpp\MOEAD-TS\Debug\link.2104-cvtres.write.1.tlog
F:\git_real\MOEAD_cpp\MOEAD-TS\Debug\link.2200.read.1.tlog
F:\git_real\MOEAD_cpp\MOEAD-TS\Debug\link.2200.write.1.tlog
F:\git_real\MOEAD_cpp\MOEAD-TS\Debug\link.2200-cvtres.read.1.tlog
F:\git_real\MOEAD_cpp\MOEAD-TS\Debug\link.2200-cvtres.write.1.tlog
F:\git_real\MOEAD_cpp\MOEAD-TS\Debug\link.2240.read.1.tlog
F:\git_real\MOEAD_cpp\MOEAD-TS\Debug\link.2240.write.1.tlog
F:\git_real\MOEAD_cpp\MOEAD-TS\Debug\link.2240-cvtres.read.1.tlog
F:\git_real\MOEAD_cpp\MOEAD-TS\Debug\link.2240-cvtres.write.1.tlog
F:\git_real\MOEAD_cpp\MOEAD-TS\Debug\link.2460.read.1.tlog
F:\git_real\MOEAD_cpp\MOEAD-TS\Debug\link.2460.write.1.tlog
F:\git_real\MOEAD_cpp\MOEAD-TS\Debug\link.2460-cvtres.read.1.tlog
F:\git_real\MOEAD_cpp\MOEAD-TS\Debug\link.2460-cvtres.write.1.tlog
F:\git_real\MOEAD_cpp\MOEAD-TS\Debug\link.2544.read.1.tlog
F:\git_real\MOEAD_cpp\MOEAD-TS\Debug\link.2544.write.1.tlog
F:\git_real\MOEAD_cpp\MOEAD-TS\Debug\link.2544-cvtres.read.1.tlog
F:\git_real\MOEAD_cpp\MOEAD-TS\Debug\link.2544-cvtres.write.1.tlog
F:\git_real\MOEAD_cpp\MOEAD-TS\Debug\link.2572.read.1.tlog
F:\git_real\MOEAD_cpp\MOEAD-TS\Debug\link.2572.write.1.tlog
F:\git_real\MOEAD_cpp\MOEAD-TS\Debug\link.2572-cvtres.read.1.tlog
F:\git_real\MOEAD_cpp\MOEAD-TS\Debug\link.2572-cvtres.write.1.tlog
F:\git_real\MOEAD_cpp\MOEAD-TS\Debug\link.264.read.1.tlog
F:\git_real\MOEAD_cpp\MOEAD-TS\Debug\link.264.write.1.tlog
F:\git_real\MOEAD_cpp\MOEAD-TS\Debug\link.264-cvtres.read.1.tlog
F:\git_real\MOEAD_cpp\MOEAD-TS\Debug\link.264-cvtres.write.1.tlog
F:\git_real\MOEAD_cpp\MOEAD-TS\Debug\link.2752.read.1.tlog
F:\git_real\MOEAD_cpp\MOEAD-TS\Debug\link.2752.write.1.tlog
F:\git_real\MOEAD_cpp\MOEAD-TS\Debug\link.2752-cvtres.read.1.tlog
F:\git_real\MOEAD_cpp\MOEAD-TS\Debug\link.2752-cvtres.write.1.tlog
F:\git_real\MOEAD_cpp\MOEAD-TS\Debug\link.3376.read.1.tlog
F:\git_real\MOEAD_cpp\MOEAD-TS\Debug\link.3376.write.1.tlog
F:\git_real\MOEAD_cpp\MOEAD-TS\Debug\link.3376-cvtres.read.1.tlog
F:\git_real\MOEAD_cpp\MOEAD-TS\Debug\link.3376-cvtres.write.1.tlog
F:\git_real\MOEAD_cpp\MOEAD-TS\Debug\link.5028.read.1.tlog
F:\git_real\MOEAD_cpp\MOEAD-TS\Debug\link.5028.write.1.tlog
F:\git_real\MOEAD_cpp\MOEAD-TS\Debug\link.5028-cvtres.read.1.tlog
F:\git_real\MOEAD_cpp\MOEAD-TS\Debug\link.5028-cvtres.write.1.tlog
F:\git_real\MOEAD_cpp\MOEAD-TS\Debug\link.5232.read.1.tlog
F:\git_real\MOEAD_cpp\MOEAD-TS\Debug\link.5232.write.1.tlog
F:\git_real\MOEAD_cpp\MOEAD-TS\Debug\link.5232-cvtres.read.1.tlog
F:\git_real\MOEAD_cpp\MOEAD-TS\Debug\link.5232-cvtres.write.1.tlog
F:\git_real\MOEAD_cpp\MOEAD-TS\Debug\link.5704.read.1.tlog
F:\git_real\MOEAD_cpp\MOEAD-TS\Debug\link.5704.write.1.tlog
F:\git_real\MOEAD_cpp\MOEAD-TS\Debug\link.5704-cvtres.read.1.tlog
F:\git_real\MOEAD_cpp\MOEAD-TS\Debug\link.5704-cvtres.write.1.tlog
F:\git_real\MOEAD_cpp\MOEAD-TS\Debug\link.5748.read.1.tlog
F:\git_real\MOEAD_cpp\MOEAD-TS\Debug\link.5748.write.1.tlog
F:\git_real\MOEAD_cpp\MOEAD-TS\Debug\link.5748-cvtres.read.1.tlog
F:\git_real\MOEAD_cpp\MOEAD-TS\Debug\link.5748-cvtres.write.1.tlog
F:\git_real\MOEAD_cpp\MOEAD-TS\Debug\link.5756.read.1.tlog
F:\git_real\MOEAD_cpp\MOEAD-TS\Debug\link.5756.write.1.tlog
F:\git_real\MOEAD_cpp\MOEAD-TS\Debug\link.5756-cvtres.read.1.tlog
F:\git_real\MOEAD_cpp\MOEAD-TS\Debug\link.5756-cvtres.write.1.tlog
F:\git_real\MOEAD_cpp\MOEAD-TS\Debug\link.6132.read.1.tlog
F:\git_real\MOEAD_cpp\MOEAD-TS\Debug\link.6132.write.1.tlog
F:\git_real\MOEAD_cpp\MOEAD-TS\Debug\link.6132-cvtres.read.1.tlog
F:\git_real\MOEAD_cpp\MOEAD-TS\Debug\link.6132-cvtres.write.1.tlog
F:\git_real\MOEAD_cpp\MOEAD-TS\Debug\link.6376.read.1.tlog
F:\git_real\MOEAD_cpp\MOEAD-TS\Debug\link.6376.write.1.tlog
F:\git_real\MOEAD_cpp\MOEAD-TS\Debug\link.6376-cvtres.read.1.tlog
F:\git_real\MOEAD_cpp\MOEAD-TS\Debug\link.6376-cvtres.write.1.tlog
F:\git_real\MOEAD_cpp\MOEAD-TS\Debug\link.6392.read.1.tlog
F:\git_real\MOEAD_cpp\MOEAD-TS\Debug\link.6392.write.1.tlog
F:\git_real\MOEAD_cpp\MOEAD-TS\Debug\link.6392-cvtres.read.1.tlog
F:\git_real\MOEAD_cpp\MOEAD-TS\Debug\link.6392-cvtres.write.1.tlog
F:\git_real\MOEAD_cpp\MOEAD-TS\Debug\link.6864.read.1.tlog
F:\git_real\MOEAD_cpp\MOEAD-TS\Debug\link.6864.write.1.tlog
F:\git_real\MOEAD_cpp\MOEAD-TS\Debug\link.6864-cvtres.read.1.tlog
F:\git_real\MOEAD_cpp\MOEAD-TS\Debug\link.6864-cvtres.write.1.tlog
F:\git_real\MOEAD_cpp\MOEAD-TS\Debug\link.7068.read.1.tlog
F:\git_real\MOEAD_cpp\MOEAD-TS\Debug\link.7068.write.1.tlog
F:\git_real\MOEAD_cpp\MOEAD-TS\Debug\link.7068-cvtres.read.1.tlog
F:\git_real\MOEAD_cpp\MOEAD-TS\Debug\link.7068-cvtres.write.1.tlog
F:\git_real\MOEAD_cpp\MOEAD-TS\Debug\link.7132.read.1.tlog
F:\git_real\MOEAD_cpp\MOEAD-TS\Debug\link.7132.write.1.tlog
F:\git_real\MOEAD_cpp\MOEAD-TS\Debug\link.7132-cvtres.read.1.tlog
F:\git_real\MOEAD_cpp\MOEAD-TS\Debug\link.7132-cvtres.write.1.tlog
F:\git_real\MOEAD_cpp\MOEAD-TS\Debug\link.7192.read.1.tlog
F:\git_real\MOEAD_cpp\MOEAD-TS\Debug\link.7192.write.1.tlog
F:\git_real\MOEAD_cpp\MOEAD-TS\Debug\link.7192-cvtres.read.1.tlog
F:\git_real\MOEAD_cpp\MOEAD-TS\Debug\link.7192-cvtres.write.1.tlog
F:\git_real\MOEAD_cpp\MOEAD-TS\Debug\link.7484.read.1.tlog
F:\git_real\MOEAD_cpp\MOEAD-TS\Debug\link.7484.write.1.tlog
F:\git_real\MOEAD_cpp\MOEAD-TS\Debug\link.7484-cvtres.read.1.tlog
F:\git_real\MOEAD_cpp\MOEAD-TS\Debug\link.7484-cvtres.write.1.tlog
F:\git_real\MOEAD_cpp\MOEAD-TS\Debug\link.7768.read.1.tlog
F:\git_real\MOEAD_cpp\MOEAD-TS\Debug\link.7768.write.1.tlog
F:\git_real\MOEAD_cpp\MOEAD-TS\Debug\link.7768-cvtres.read.1.tlog
F:\git_real\MOEAD_cpp\MOEAD-TS\Debug\link.7768-cvtres.write.1.tlog
F:\git_real\MOEAD_cpp\MOEAD-TS\Debug\link.7800.read.1.tlog
F:\git_real\MOEAD_cpp\MOEAD-TS\Debug\link.7800.write.1.tlog
F:\git_real\MOEAD_cpp\MOEAD-TS\Debug\link.7800-cvtres.read.1.tlog
F:\git_real\MOEAD_cpp\MOEAD-TS\Debug\link.7800-cvtres.write.1.tlog
F:\git_real\MOEAD_cpp\MOEAD-TS\Debug\link.8060.read.1.tlog
F:\git_real\MOEAD_cpp\MOEAD-TS\Debug\link.8060.write.1.tlog
F:\git_real\MOEAD_cpp\MOEAD-TS\Debug\link.8060-cvtres.read.1.tlog
F:\git_real\MOEAD_cpp\MOEAD-TS\Debug\link.8060-cvtres.write.1.tlog
F:\git_real\MOEAD_cpp\MOEAD-TS\Debug\link.8088.read.1.tlog
F:\git_real\MOEAD_cpp\MOEAD-TS\Debug\link.8088.write.1.tlog
F:\git_real\MOEAD_cpp\MOEAD-TS\Debug\link.8088-cvtres.read.1.tlog
F:\git_real\MOEAD_cpp\MOEAD-TS\Debug\link.8088-cvtres.write.1.tlog
F:\git_real\MOEAD_cpp\MOEAD-TS\Debug\link.8136.read.1.tlog
F:\git_real\MOEAD_cpp\MOEAD-TS\Debug\link.8136.write.1.tlog
F:\git_real\MOEAD_cpp\MOEAD-TS\Debug\link.8136-cvtres.read.1.tlog
F:\git_real\MOEAD_cpp\MOEAD-TS\Debug\link.8136-cvtres.write.1.tlog
F:\git_real\MOEAD_cpp\MOEAD-TS\Debug\link.8144.read.1.tlog
F:\git_real\MOEAD_cpp\MOEAD-TS\Debug\link.8144.write.1.tlog
F:\git_real\MOEAD_cpp\MOEAD-TS\Debug\link.8144-cvtres.read.1.tlog
F:\git_real\MOEAD_cpp\MOEAD-TS\Debug\link.8144-cvtres.write.1.tlog
F:\git_real\MOEAD_cpp\MOEAD-TS\Debug\link.8280.read.1.tlog
F:\git_real\MOEAD_cpp\MOEAD-TS\Debug\link.8280.write.1.tlog
F:\git_real\MOEAD_cpp\MOEAD-TS\Debug\link.8280-cvtres.read.1.tlog
F:\git_real\MOEAD_cpp\MOEAD-TS\Debug\link.8280-cvtres.write.1.tlog
F:\git_real\MOEAD_cpp\MOEAD-TS\Debug\link.8316.read.1.tlog
F:\git_real\MOEAD_cpp\MOEAD-TS\Debug\link.8316.write.1.tlog
F:\git_real\MOEAD_cpp\MOEAD-TS\Debug\link.8316-cvtres.read.1.tlog
F:\git_real\MOEAD_cpp\MOEAD-TS\Debug\link.8316-cvtres.write.1.tlog
F:\git_real\MOEAD_cpp\MOEAD-TS\Debug\link.8496.read.1.tlog
F:\git_real\MOEAD_cpp\MOEAD-TS\Debug\link.8496.write.1.tlog
F:\git_real\MOEAD_cpp\MOEAD-TS\Debug\link.8496-cvtres.read.1.tlog
F:\git_real\MOEAD_cpp\MOEAD-TS\Debug\link.8496-cvtres.write.1.tlog
F:\git_real\MOEAD_cpp\MOEAD-TS\Debug\link.8568.read.1.tlog
F:\git_real\MOEAD_cpp\MOEAD-TS\Debug\link.8568.write.1.tlog
F:\git_real\MOEAD_cpp\MOEAD-TS\Debug\link.8568-cvtres.read.1.tlog
F:\git_real\MOEAD_cpp\MOEAD-TS\Debug\link.8568-cvtres.write.1.tlog
F:\git_real\MOEAD_cpp\MOEAD-TS\Debug\link.8604.read.1.tlog
F:\git_real\MOEAD_cpp\MOEAD-TS\Debug\link.8604.write.1.tlog
F:\git_real\MOEAD_cpp\MOEAD-TS\Debug\link.8604-cvtres.read.1.tlog
F:\git_real\MOEAD_cpp\MOEAD-TS\Debug\link.8604-cvtres.write.1.tlog
F:\git_real\MOEAD_cpp\MOEAD-TS\Debug\link.8728.read.1.tlog
F:\git_real\MOEAD_cpp\MOEAD-TS\Debug\link.8728.write.1.tlog
F:\git_real\MOEAD_cpp\MOEAD-TS\Debug\link.8728-cvtres.read.1.tlog
F:\git_real\MOEAD_cpp\MOEAD-TS\Debug\link.8728-cvtres.write.1.tlog
F:\git_real\MOEAD_cpp\MOEAD-TS\Debug\link.9148.read.1.tlog
F:\git_real\MOEAD_cpp\MOEAD-TS\Debug\link.9148.write.1.tlog
F:\git_real\MOEAD_cpp\MOEAD-TS\Debug\link.9148-cvtres.read.1.tlog
F:\git_real\MOEAD_cpp\MOEAD-TS\Debug\link.9148-cvtres.write.1.tlog
F:\git_real\MOEAD_cpp\MOEAD-TS\Debug\link.9196.read.1.tlog
F:\git_real\MOEAD_cpp\MOEAD-TS\Debug\link.9196.write.1.tlog
F:\git_real\MOEAD_cpp\MOEAD-TS\Debug\link.9196-cvtres.read.1.tlog
F:\git_real\MOEAD_cpp\MOEAD-TS\Debug\link.9196-cvtres.write.1.tlog
F:\git_real\MOEAD_cpp\MOEAD-TS\Debug\link.9212.read.1.tlog
F:\git_real\MOEAD_cpp\MOEAD-TS\Debug\link.9212.write.1.tlog
F:\git_real\MOEAD_cpp\MOEAD-TS\Debug\link.9212-cvtres.read.1.tlog
F:\git_real\MOEAD_cpp\MOEAD-TS\Debug\link.9212-cvtres.write.1.tlog
F:\git_real\MOEAD_cpp\MOEAD-TS\Debug\link.9788.read.1.tlog
F:\git_real\MOEAD_cpp\MOEAD-TS\Debug\link.9788.write.1.tlog
F:\git_real\MOEAD_cpp\MOEAD-TS\Debug\link.9788-cvtres.read.1.tlog
F:\git_real\MOEAD_cpp\MOEAD-TS\Debug\link.9788-cvtres.write.1.tlog
F:\git_real\MOEAD_cpp\MOEAD-TS\Debug\link.9836.read.1.tlog
F:\git_real\MOEAD_cpp\MOEAD-TS\Debug\link.9836.write.1.tlog
F:\git_real\MOEAD_cpp\MOEAD-TS\Debug\link.9836-cvtres.read.1.tlog
F:\git_real\MOEAD_cpp\MOEAD-TS\Debug\link.9836-cvtres.write.1.tlog
F:\git_real\MOEAD_cpp\MOEAD-TS\Debug\link.9932.read.1.tlog
F:\git_real\MOEAD_cpp\MOEAD-TS\Debug\link.9932.write.1.tlog
F:\git_real\MOEAD_cpp\MOEAD-TS\Debug\link.9932-cvtres.read.1.tlog
F:\git_real\MOEAD_cpp\MOEAD-TS\Debug\link.9932-cvtres.write.1.tlog
F:\git_real\MOEAD_cpp\MOEAD-TS\Debug\link.command.1.tlog
F:\git_real\MOEAD_cpp\MOEAD-TS\Debug\link.read.1.tlog
F:\git_real\MOEAD_cpp\MOEAD-TS\Debug\link.write.1.tlog
F:\git_real\MOEAD_cpp\MOEAD-TS\Debug\link-cvtres.read.1.tlog
F:\git_real\MOEAD_cpp\MOEAD-TS\Debug\link-cvtres.write.1.tlog
F:\GIT_REAL\MOEAD_CPP\MOEAD-TS\DEBUG\MOEAD_TS_MAIN.OBJ
F:\git_real\MOEAD_cpp\MOEAD-TS\Debug\MOEAD-TS.exe.embed.manifest
F:\GIT_REAL\MOEAD_CPP\MOEAD-TS\DEBUG\MOEAD-TS.EXE.EMBED.MANIFEST.RES
F:\git_real\MOEAD_cpp\MOEAD-TS\Debug\MOEAD-TS.exe.intermediate.manifest
F:\GIT_REAL\MOEAD_CPP\MOEAD-TS\DEBUG\MOEAD-TS.OBJ
F:\git_real\MOEAD_cpp\MOEAD-TS\Debug\MOEAD-TS.pdb
F:\git_real\MOEAD_cpp\MOEAD-TS\Debug\MOEAD-TS.vcxprojResolveAssemblyReference.cache
F:\git_real\MOEAD_cpp\MOEAD-TS\Debug\MOEAD-TS.write.1.tlog
F:\git_real\MOEAD_cpp\MOEAD-TS\Debug\MOEAD-TS_manifest.rc
F:\git_real\MOEAD_cpp\MOEAD-TS\Debug\mt.command.1.tlog
F:\git_real\MOEAD_cpp\MOEAD-TS\Debug\mt.read.1.tlog
F:\git_real\MOEAD_cpp\MOEAD-TS\Debug\mt.write.1.tlog
F:\GIT_REAL\MOEAD_CPP\MOEAD-TS\DEBUG\RANDOMNUMBER.OBJ
F:\git_real\MOEAD_cpp\MOEAD-TS\Debug\rc.command.1.tlog
F:\git_real\MOEAD_cpp\MOEAD-TS\Debug\rc.read.1.tlog
F:\git_real\MOEAD_cpp\MOEAD-TS\Debug\rc.write.1.tlog
F:\GIT_REAL\MOEAD_CPP\MOEAD-TS\DEBUG\SUBPROBLEM.OBJ
F:\git_real\MOEAD_cpp\MOEAD-TS\Debug\vc100.idb
F:\GIT_REAL\MOEAD_CPP\MOEAD-TS\DEBUG\VC100.PDB
F:\GIT_REAL\MOEAD_CPP\MOEAD-TS\DEBUG\WEIGHTVECTOR.OBJ
F:\LABORATORY\MOEAD-TS\DEBUG\MOEAD-TS.EXE
F:\LABORATORY\MOEAD-TS\DEBUG\MOEAD-TS.ILK
F:\LABORATORY\MOEAD-TS\DEBUG\MOEAD-TS.PDB
F:\LABORATORY\MOEAD-TS\MOEAD-TS\DEBUG\GLOBAL.OBJ
F:\LABORATORY\MOEAD-TS\MOEAD-TS\DEBUG\INDIVIDUAL.OBJ
F:\LABORATORY\MOEAD-TS\MOEAD-TS\DEBUG\LAYOUTPROBLEM.OBJ
F:\LABORATORY\MOEAD-TS\MOEAD-TS\DEBUG\MOEAD_TS_MAIN.OBJ
F:\LABORATORY\MOEAD-TS\MOEAD-TS\DEBUG\MOEAD-TS.EXE.EMBED.MANIFEST.RES
F:\LABORATORY\MOEAD-TS\MOEAD-TS\DEBUG\MOEAD-TS.EXE.INTERMEDIATE.MANIFEST
F:\LABORATORY\MOEAD-TS\MOEAD-TS\DEBUG\MOEAD-TS.OBJ
F:\LABORATORY\MOEAD-TS\MOEAD-TS\DEBUG\RANDOMNUMBER.OBJ
F:\LABORATORY\MOEAD-TS\MOEAD-TS\DEBUG\SUBPROBLEM.OBJ
F:\LABORATORY\MOEAD-TS\MOEAD-TS\DEBUG\VC100.PDB
F:\LABORATORY\MOEAD-TS\MOEAD-TS\DEBUG\WEIGHTVECTOR.OBJ
F:\实验室\MOEAD-TS\DEBUG\MOEAD-TS.EXE
F:\实验室\MOEAD-TS\DEBUG\MOEAD-TS.ILK
F:\实验室\MOEAD-TS\DEBUG\MOEAD-TS.PDB
F:\实验室\MOEAD-TS\MOEAD-TS\DEBUG\INIT.OBJ
F:\实验室\MOEAD-TS\MOEAD-TS\DEBUG\MOEAD-TS.EXE.EMBED.MANIFEST
F:\实验室\MOEAD-TS\MOEAD-TS\DEBUG\MOEAD-TS.EXE.EMBED.MANIFEST.RES
F:\实验室\MOEAD-TS\MOEAD-TS\DEBUG\MOEAD-TS.EXE.INTERMEDIATE.MANIFEST
F:\实验室\MOEAD-TS\MOEAD-TS\DEBUG\MOEAD-TS.OBJ
F:\实验室\MOEAD-TS\MOEAD-TS\DEBUG\VC100.PDB
