Build started 2016/5/19 10:23:00.
     1>Project "F:\git_real\MOEAD_cpp\ALL\sMOEAD-TS\MOEAD-TS\MOEAD-TS.vcxproj" on node 2 (build target(s)).
     1>InitializeBuildStatus:
         Creating "Release\MOEAD.unsuccessfulbuild" because "AlwaysCreate" was specified.
       ClCompile:
         E:\Program Files (x86)\Microsoft Visual Studio 10.0\VC\bin\CL.exe /c /I"E:\Program Files (x86)\IBM\ILOG\CPLEX_Studio124\cplex\include" /I"E:\Program Files (x86)\IBM\ILOG\CPLEX_Studio124\concert\include" /Zi /nologo /W3 /WX- /O2 /Oi /Oy- /GL /D WIN32 /D NDEBUG /D _CONSOLE /D _UNICODE /D UNICODE /D IL_STD /Gm- /EHsc /MT /GS /Gy /fp:precise /Zc:wchar_t /Zc:forScope /Fo"Release\\" /Fd"Release\vc100.pdb" /Gd /TP /analyze- /errorReport:prompt "MOEAD—TS.cpp"
         MOEAD—TS.cpp
     1>MOEAD—TS.cpp : warning C4819: 该文件包含不能在当前代码页(936)中表示的字符。请将该文件保存为 Unicode 格式以防止数据丢失
     1>f:\git_real\moead_cpp\all\smoead-ts\moead-ts\LayoutProblem.h : warning C4819: 该文件包含不能在当前代码页(936)中表示的字符。请将该文件保存为 Unicode 格式以防止数据丢失
     1>MOEAD—TS.cpp(19): warning C4305: “参数”: 从“double”到“const float”截断
     1>MOEAD—TS.cpp(20): warning C4305: “参数”: 从“double”到“const float”截断
     1>MOEAD—TS.cpp(45): warning C4996: 'sprintf': This function or variable may be unsafe. Consider using sprintf_s instead. To disable deprecation, use _CRT_SECURE_NO_WARNINGS. See online help for details.
                 E:\Program Files (x86)\Microsoft Visual Studio 10.0\VC\include\stdio.h(371) : 参见“sprintf”的声明
     1>MOEAD—TS.cpp(70): warning C4018: “<”: 有符号/无符号不匹配
     1>MOEAD—TS.cpp(80): warning C4244: “=”: 从“double”转换到“float”，可能丢失数据
     1>MOEAD—TS.cpp(112): warning C4244: “=”: 从“double”转换到“float”，可能丢失数据
     1>MOEAD—TS.cpp(116): warning C4244: “=”: 从“double”转换到“float”，可能丢失数据
     1>MOEAD—TS.cpp(233): warning C4018: “<”: 有符号/无符号不匹配
     1>MOEAD—TS.cpp(246): warning C4018: “<”: 有符号/无符号不匹配
     1>MOEAD—TS.cpp(255): warning C4018: “<”: 有符号/无符号不匹配
     1>MOEAD—TS.cpp(281): warning C4996: 'sprintf': This function or variable may be unsafe. Consider using sprintf_s instead. To disable deprecation, use _CRT_SECURE_NO_WARNINGS. See online help for details.
                 E:\Program Files (x86)\Microsoft Visual Studio 10.0\VC\include\stdio.h(371) : 参见“sprintf”的声明
     1>MOEAD—TS.cpp(287): warning C4018: “<”: 有符号/无符号不匹配
     1>MOEAD—TS.cpp(293): warning C4018: “<”: 有符号/无符号不匹配
     1>MOEAD—TS.cpp(298): warning C4018: “<”: 有符号/无符号不匹配
     1>MOEAD—TS.cpp(318): warning C4018: “<”: 有符号/无符号不匹配
     1>MOEAD—TS.cpp(498): warning C4244: “=”: 从“double”转换到“float”，可能丢失数据
     1>MOEAD—TS.cpp(500): warning C4244: “=”: 从“double”转换到“float”，可能丢失数据
     1>MOEAD—TS.cpp(504): warning C4244: “+=”: 从“double”转换到“float”，可能丢失数据
     1>MOEAD—TS.cpp(564): warning C4018: “<”: 有符号/无符号不匹配
     1>MOEAD—TS.cpp(602): warning C4018: “<”: 有符号/无符号不匹配
     1>MOEAD—TS.cpp(608): warning C4018: “>=”: 有符号/无符号不匹配
     1>MOEAD—TS.cpp(644): warning C4552: “<”: 运算符不起任何作用；应输入带副作用的运算符
     1>MOEAD—TS.cpp(645): warning C4552: “<”: 运算符不起任何作用；应输入带副作用的运算符
     1>MOEAD—TS.cpp(661): warning C4244: “初始化”: 从“double”转换到“int”，可能丢失数据
     1>MOEAD—TS.cpp(662): warning C4244: “初始化”: 从“double”转换到“int”，可能丢失数据
     1>MOEAD—TS.cpp(708): warning C4244: “初始化”: 从“double”转换到“int”，可能丢失数据
     1>MOEAD—TS.cpp(709): warning C4244: “初始化”: 从“double”转换到“int”，可能丢失数据
     1>MOEAD—TS.cpp(773): warning C4018: “<”: 有符号/无符号不匹配
     1>MOEAD—TS.cpp(780): warning C4018: “<”: 有符号/无符号不匹配
       Link:
         E:\Program Files (x86)\Microsoft Visual Studio 10.0\VC\bin\link.exe /ERRORREPORT:PROMPT /OUT:"F:\git_real\MOEAD_cpp\ALL\sMOEAD-TS\MOEAD-TS\Release\MOEAD.exe" /INCREMENTAL:NO /NOLOGO kernel32.lib user32.lib gdi32.lib winspool.lib comdlg32.lib advapi32.lib shell32.lib ole32.lib oleaut32.lib uuid.lib odbc32.lib odbccp32.lib kernel32.lib user32.lib gdi32.lib winspool.lib comdlg32.lib advapi32.lib shell32.lib ole32.lib oleaut32.lib uuid.lib odbc32.lib odbccp32.lib "E:\Program Files (x86)\IBM\ILOG\CPLEX_Studio124\cplex\lib\x86_windows_vs2010\stat_mta\cplex124.lib" "E:\Program Files (x86)\IBM\ILOG\CPLEX_Studio124\cplex\lib\x86_windows_vs2010\stat_mta\ilocplex.lib" "E:\Program Files (x86)\IBM\ILOG\CPLEX_Studio124\concert\lib\x86_windows_vs2010\stat_mta\concert.lib" /MANIFEST /ManifestFile:"Release\MOEAD.exe.intermediate.manifest" /MANIFESTUAC:"level='asInvoker' uiAccess='false'" /DEBUG /PDB:"F:\git_real\MOEAD_cpp\ALL\sMOEAD-TS\MOEAD-TS\Release\MOEAD.pdb" /SUBSYSTEM:CONSOLE /OPT:REF /OPT:ICF /LTCG /TLBID:1 /DYNAMICBASE /NXCOMPAT /IMPLIB:"F:\git_real\MOEAD_cpp\ALL\sMOEAD-TS\MOEAD-TS\Release\MOEAD.lib" /MACHINE:X86 Release\Global.obj
         Release\Individual.obj
         Release\LayoutProblem.obj
         "Release\MOEAD—TS.obj"
         Release\moead_ts_main.obj
         Release\RandomNumber.obj
         Release\SubProblem.obj
         Release\WeightVector.obj
         正在生成代码
         已完成代码的生成
         MOEAD-TS.vcxproj -> F:\git_real\MOEAD_cpp\ALL\sMOEAD-TS\MOEAD-TS\Release\MOEAD.exe
       Manifest:
         C:\Program Files (x86)\Microsoft SDKs\Windows\v7.0A\bin\mt.exe /nologo /verbose /outputresource:"F:\git_real\MOEAD_cpp\ALL\sMOEAD-TS\MOEAD-TS\Release\MOEAD.exe;#1" /manifest Release\MOEAD.exe.intermediate.manifest
       FinalizeBuildStatus:
         Deleting file "Release\MOEAD.unsuccessfulbuild".
         Touching "Release\MOEAD.lastbuildstate".
     1>Done Building Project "F:\git_real\MOEAD_cpp\ALL\sMOEAD-TS\MOEAD-TS\MOEAD-TS.vcxproj" (build target(s)).

生成成功。

Time Elapsed 00:00:04.70
